206
473
1
1
1
1
1
1
1
1
2
1
1
1
1
1
432
1
1
1
1
431
1
1
1
1
419
1
1
1
1
1
1
1
1
1
1
1
1
1
1
1
1
1
3
1
1
1
3
1
1
1
0
1
233
2
1
6
1
1
0
1
238
6
3
1
1
1
0
0
230
3
1
1
1
1
1
1
1
1
1
1
1
1
1
1
1
1
1
1
1
1
1
1
1
1
1
1
1
1
1
1
1
1
1
1
1
1
1
1
1
1
1
1
1
1
1
1
1
1
1
1
1
1
1
1
1
1
1
1
1
1
1
1
1
1
1
1
1
1
1
1
1
1
1
1
1
1
1
1
1
12
1
1
1
1
1
1
1
1
1
1
1
1
1
1
1
1
1
1
1
1
1
1
1
1
1
1
1
1
1
1
1
1
1
1
1
1
1
1
1
1
1
1
1
1
1
1
1
1
1
1
1
1
1
1
1
1
4 0 169 (3072.000000 1492.000000 8.000000) (3072.000000 608.000000 8.000000) (3052.000000 608.000000 8.000000) (3052.000000 1492.000000 8.000000) 
4 0 168 (3052.000000 1512.000000 8.000000) (3072.000000 1512.000000 8.000000) (3072.000000 1492.000000 8.000000) (3052.000000 1492.000000 8.000000) 
4 0 4 (3052.000000 608.000000 8.000000) (3072.000000 608.000000 8.000000) (3072.000000 608.000000 2560.000000) (3052.000000 608.000000 2560.000000) 
4 0 2 (3052.000000 1512.000000 2540.000000) (3052.000000 1512.000000 8.000000) (3052.000000 1492.000000 8.000000) (3052.000000 1492.000000 2540.000000) 
4 0 1 (3052.000000 1512.000000 2560.000000) (3052.000000 1512.000000 2540.000000) (3052.000000 608.000000 2540.000000) (3052.000000 608.000000 2560.000000) 
4 1 37 (341.000000 608.000000 2540.000000) (341.000000 608.000000 2560.000000) (341.000000 1492.000000 2560.000000) (341.000000 1492.000000 2540.000000) 
4 1 36 (341.000000 1492.000000 2560.000000) (341.000000 1512.000000 2560.000000) (341.000000 1512.000000 2540.000000) (341.000000 1492.000000 2540.000000) 
4 1 5 (341.000000 608.000000 2560.000000) (341.000000 608.000000 2540.000000) (3052.000000 608.000000 2540.000000) (3052.000000 608.000000 2560.000000) 
4 1 2 (3052.000000 1512.000000 2540.000000) (3052.000000 1492.000000 2540.000000) (341.000000 1492.000000 2540.000000) (341.000000 1512.000000 2540.000000) 
4 2 173 (341.000000 1492.000000 8.000000) (341.000000 1512.000000 8.000000) (595.000000 1512.000000 8.000000) (595.000000 1492.000000 8.000000) 
4 2 168 (595.000000 1512.000000 8.000000) (3052.000000 1512.000000 8.000000) (3052.000000 1492.000000 8.000000) (595.000000 1492.000000 8.000000) 
4 2 36 (341.000000 1512.000000 8.000000) (341.000000 1492.000000 8.000000) (341.000000 1492.000000 2540.000000) (341.000000 1512.000000 2540.000000) 
4 3 174 (341.000000 608.000000 8.000000) (341.000000 1492.000000 8.000000) (595.000000 1492.000000 8.000000) (595.000000 608.000000 8.000000) 
4 3 170 (595.000000 1492.000000 8.000000) (3052.000000 1492.000000 8.000000) (3052.000000 608.000000 8.000000) (595.000000 608.000000 8.000000) 
4 3 38 (341.000000 1492.000000 8.000000) (341.000000 608.000000 8.000000) (341.000000 608.000000 2540.000000) (341.000000 1492.000000 2540.000000) 
4 3 7 (595.000000 608.000000 248.000000) (3052.000000 608.000000 248.000000) (3052.000000 608.000000 256.000000) (595.000000 608.000000 256.000000) 
4 3 6 (341.000000 608.000000 2540.000000) (341.000000 608.000000 256.000000) (3052.000000 608.000000 256.000000) (3052.000000 608.000000 2540.000000) 
4 3 8 (341.000000 608.000000 248.000000) (341.000000 608.000000 8.000000) (3052.000000 608.000000 8.000000) (3052.000000 608.000000 248.000000) 
4 4 169 (3052.000000 608.000000 8.000000) (3072.000000 608.000000 8.000000) (3072.000000 1.000000 8.000000) (3052.000000 1.000000 8.000000) 
4 4 9 (3052.000000 1.000000 8.000000) (3072.000000 1.000000 8.000000) (3072.000000 1.000000 2560.000000) (3052.000000 1.000000 2560.000000) 
4 4 5 (3052.000000 608.000000 2560.000000) (3052.000000 608.000000 2540.000000) (3052.000000 1.000000 2540.000000) (3052.000000 1.000000 2560.000000) 
4 5 39 (341.000000 1.000000 2540.000000) (341.000000 1.000000 2560.000000) (341.000000 608.000000 2560.000000) (341.000000 608.000000 2540.000000) 
4 5 10 (3052.000000 1.000000 2540.000000) (3052.000000 1.000000 2560.000000) (341.000000 1.000000 2560.000000) (341.000000 1.000000 2540.000000) 
4 6 40 (341.000000 1.000000 256.000000) (341.000000 1.000000 2540.000000) (341.000000 608.000000 2540.000000) (341.000000 608.000000 256.000000) 
4 6 11 (3052.000000 1.000000 256.000000) (3052.000000 1.000000 2540.000000) (341.000000 1.000000 2540.000000) (341.000000 1.000000 256.000000) 
4 6 7 (3052.000000 1.000000 256.000000) (595.000000 1.000000 256.000000) (595.000000 608.000000 256.000000) (3052.000000 608.000000 256.000000) 
4 7 12 (3052.000000 1.000000 248.000000) (3052.000000 1.000000 256.000000) (595.000000 1.000000 256.000000) (595.000000 1.000000 248.000000) 
4 7 8 (3052.000000 1.000000 248.000000) (595.000000 1.000000 248.000000) (595.000000 608.000000 248.000000) (3052.000000 608.000000 248.000000) 
4 8 170 (595.000000 608.000000 8.000000) (3052.000000 608.000000 8.000000) (3052.000000 1.000000 8.000000) (595.000000 1.000000 8.000000) 
4 8 45 (341.000000 247.000000 8.000000) (341.000000 229.000000 8.000000) (341.000000 229.000000 248.000000) (341.000000 247.000000 248.000000) 
4 8 46 (341.000000 229.000000 8.000000) (341.000000 1.000000 8.000000) (341.000000 1.000000 248.000000) (341.000000 229.000000 248.000000) 
4 8 42 (341.000000 608.000000 8.000000) (341.000000 247.000000 8.000000) (341.000000 247.000000 248.000000) (341.000000 608.000000 248.000000) 
4 8 14 (341.000000 1.000000 8.000000) (575.000000 1.000000 8.000000) (575.000000 1.000000 248.000000) (341.000000 1.000000 248.000000) 
4 8 13 (595.000000 1.000000 8.000000) (3052.000000 1.000000 8.000000) (3052.000000 1.000000 248.000000) (595.000000 1.000000 248.000000) 
4 9 169 (3052.000000 1.000000 8.000000) (3072.000000 1.000000 8.000000) (3072.000000 -527.000000 8.000000) (3052.000000 -527.000000 8.000000) 
4 9 15 (3052.000000 -527.000000 8.000000) (3072.000000 -527.000000 8.000000) (3072.000000 -527.000000 2560.000000) (3052.000000 -527.000000 2560.000000) 
4 9 10 (3052.000000 1.000000 2560.000000) (3052.000000 1.000000 2540.000000) (3052.000000 -527.000000 2540.000000) (3052.000000 -527.000000 2560.000000) 
4 10 48 (341.000000 -527.000000 2540.000000) (341.000000 -527.000000 2560.000000) (341.000000 1.000000 2560.000000) (341.000000 1.000000 2540.000000) 
4 10 16 (341.000000 -527.000000 2560.000000) (341.000000 -527.000000 2540.000000) (3052.000000 -527.000000 2540.000000) (3052.000000 -527.000000 2560.000000) 
4 11 49 (341.000000 -527.000000 256.000000) (341.000000 -527.000000 2540.000000) (341.000000 1.000000 2540.000000) (341.000000 1.000000 256.000000) 
4 11 17 (341.000000 -527.000000 2540.000000) (341.000000 -527.000000 256.000000) (3052.000000 -527.000000 256.000000) (3052.000000 -527.000000 2540.000000) 
4 11 12 (595.000000 1.000000 256.000000) (3052.000000 1.000000 256.000000) (3052.000000 -527.000000 256.000000) (595.000000 -527.000000 256.000000) 
4 12 18 (595.000000 -527.000000 248.000000) (3052.000000 -527.000000 248.000000) (3052.000000 -527.000000 256.000000) (595.000000 -527.000000 256.000000) 
4 12 13 (595.000000 1.000000 248.000000) (3052.000000 1.000000 248.000000) (3052.000000 -527.000000 248.000000) (595.000000 -527.000000 248.000000) 
4 13 170 (595.000000 1.000000 8.000000) (3052.000000 1.000000 8.000000) (3052.000000 -527.000000 8.000000) (595.000000 -527.000000 8.000000) 
4 13 18 (595.000000 -527.000000 8.000000) (3052.000000 -527.000000 8.000000) (3052.000000 -527.000000 248.000000) (595.000000 -527.000000 248.000000) 
4 14 52 (341.000000 1.000000 8.000000) (341.000000 -507.000000 8.000000) (341.000000 -507.000000 248.000000) (341.000000 1.000000 248.000000) 
4 15 169 (3052.000000 -527.000000 8.000000) (3072.000000 -527.000000 8.000000) (3072.000000 -1055.000000 8.000000) (3052.000000 -1055.000000 8.000000) 
4 15 20 (3052.000000 -1055.000000 8.000000) (3072.000000 -1055.000000 8.000000) (3072.000000 -1055.000000 2560.000000) (3052.000000 -1055.000000 2560.000000) 
4 15 16 (3052.000000 -527.000000 2560.000000) (3052.000000 -527.000000 2540.000000) (3052.000000 -1055.000000 2540.000000) (3052.000000 -1055.000000 2560.000000) 
4 16 56 (341.000000 -1055.000000 2540.000000) (341.000000 -1055.000000 2560.000000) (341.000000 -527.000000 2560.000000) (341.000000 -527.000000 2540.000000) 
4 16 21 (3052.000000 -1055.000000 2540.000000) (3052.000000 -1055.000000 2560.000000) (341.000000 -1055.000000 2560.000000) (341.000000 -1055.000000 2540.000000) 
4 17 57 (341.000000 -1055.000000 256.000000) (341.000000 -1055.000000 2540.000000) (341.000000 -527.000000 2540.000000) (341.000000 -527.000000 256.000000) 
4 17 22 (3052.000000 -1055.000000 256.000000) (3052.000000 -1055.000000 2540.000000) (341.000000 -1055.000000 2540.000000) (341.000000 -1055.000000 256.000000) 
4 17 18 (3052.000000 -1055.000000 256.000000) (595.000000 -1055.000000 256.000000) (595.000000 -527.000000 256.000000) (3052.000000 -527.000000 256.000000) 
4 18 170 (595.000000 -527.000000 8.000000) (3052.000000 -527.000000 8.000000) (3052.000000 -1055.000000 8.000000) (595.000000 -1055.000000 8.000000) 
4 18 23 (595.000000 -1055.000000 8.000000) (3052.000000 -1055.000000 8.000000) (3052.000000 -1055.000000 256.000000) (595.000000 -1055.000000 256.000000) 
4 19 60 (341.000000 -527.000000 8.000000) (341.000000 -1035.000000 8.000000) (341.000000 -1035.000000 248.000000) (341.000000 -527.000000 248.000000) 
4 20 169 (3052.000000 -1055.000000 8.000000) (3072.000000 -1055.000000 8.000000) (3072.000000 -1583.000000 8.000000) (3052.000000 -1583.000000 8.000000) 
4 20 25 (3052.000000 -1583.000000 8.000000) (3072.000000 -1583.000000 8.000000) (3072.000000 -1583.000000 2560.000000) (3052.000000 -1583.000000 2560.000000) 
4 20 21 (3052.000000 -1055.000000 2560.000000) (3052.000000 -1055.000000 2540.000000) (3052.000000 -1583.000000 2540.000000) (3052.000000 -1583.000000 2560.000000) 
4 21 64 (341.000000 -1583.000000 2540.000000) (341.000000 -1583.000000 2560.000000) (341.000000 -1055.000000 2560.000000) (341.000000 -1055.000000 2540.000000) 
4 21 26 (341.000000 -1583.000000 2560.000000) (341.000000 -1583.000000 2540.000000) (3052.000000 -1583.000000 2540.000000) (3052.000000 -1583.000000 2560.000000) 
4 22 65 (341.000000 -1583.000000 256.000000) (341.000000 -1583.000000 2540.000000) (341.000000 -1055.000000 2540.000000) (341.000000 -1055.000000 256.000000) 
4 22 27 (341.000000 -1583.000000 2540.000000) (341.000000 -1583.000000 256.000000) (3052.000000 -1583.000000 256.000000) (3052.000000 -1583.000000 2540.000000) 
4 22 23 (3052.000000 -1583.000000 256.000000) (595.000000 -1583.000000 256.000000) (595.000000 -1055.000000 256.000000) (3052.000000 -1055.000000 256.000000) 
4 23 170 (595.000000 -1055.000000 8.000000) (3052.000000 -1055.000000 8.000000) (3052.000000 -1583.000000 8.000000) (595.000000 -1583.000000 8.000000) 
4 23 28 (595.000000 -1583.000000 8.000000) (3052.000000 -1583.000000 8.000000) (3052.000000 -1583.000000 256.000000) (595.000000 -1583.000000 256.000000) 
4 24 68 (341.000000 -1055.000000 8.000000) (341.000000 -1563.000000 8.000000) (341.000000 -1563.000000 248.000000) (341.000000 -1055.000000 248.000000) 
4 25 169 (3052.000000 -1583.000000 8.000000) (3072.000000 -1583.000000 8.000000) (3072.000000 -2326.000000 8.000000) (3052.000000 -2326.000000 8.000000) 
4 25 33 (3052.000000 -2326.000000 8.000000) (3072.000000 -2326.000000 8.000000) (3072.000000 -2326.000000 2540.000000) (3052.000000 -2326.000000 2540.000000) 
4 25 32 (3072.000000 -2326.000000 2540.000000) (3072.000000 -2326.000000 2560.000000) (3052.000000 -2326.000000 2560.000000) (3052.000000 -2326.000000 2540.000000) 
4 25 26 (3052.000000 -1583.000000 2560.000000) (3052.000000 -1583.000000 2540.000000) (3052.000000 -2326.000000 2540.000000) (3052.000000 -2326.000000 2560.000000) 
4 26 74 (341.000000 -2326.000000 2540.000000) (341.000000 -2326.000000 2560.000000) (341.000000 -1583.000000 2560.000000) (341.000000 -1583.000000 2540.000000) 
4 26 32 (3052.000000 -2326.000000 2540.000000) (3052.000000 -2326.000000 2560.000000) (341.000000 -2326.000000 2560.000000) (341.000000 -2326.000000 2540.000000) 
4 27 75 (341.000000 -2326.000000 256.000000) (341.000000 -2326.000000 2540.000000) (341.000000 -1583.000000 2540.000000) (341.000000 -1583.000000 256.000000) 
4 27 34 (3052.000000 -2326.000000 256.000000) (3052.000000 -2326.000000 2540.000000) (341.000000 -2326.000000 2540.000000) (341.000000 -2326.000000 256.000000) 
4 27 31 (361.000000 -2062.000000 256.000000) (505.000000 -2062.000000 256.000000) (505.000000 -2326.000000 256.000000) (361.000000 -2326.000000 256.000000) 
4 27 29 (341.000000 -1784.000000 256.000000) (341.000000 -1583.000000 256.000000) (505.000000 -1583.000000 256.000000) (505.000000 -1784.000000 256.000000) 
4 27 28 (505.000000 -1583.000000 256.000000) (3052.000000 -1583.000000 256.000000) (3052.000000 -2326.000000 256.000000) (505.000000 -2326.000000 256.000000) 
4 28 195 (595.000000 -2062.000000 8.000000) (595.000000 -2326.000000 8.000000) (505.000000 -2326.000000 8.000000) (505.000000 -2062.000000 8.000000) 
4 28 194 (595.000000 -1784.000000 8.000000) (595.000000 -2062.000000 8.000000) (505.000000 -2062.000000 8.000000) (505.000000 -1784.000000 8.000000) 
4 28 176 (505.000000 -1583.000000 8.000000) (595.000000 -1583.000000 8.000000) (595.000000 -1784.000000 8.000000) (505.000000 -1784.000000 8.000000) 
4 28 170 (595.000000 -1583.000000 8.000000) (3052.000000 -1583.000000 8.000000) (3052.000000 -2326.000000 8.000000) (595.000000 -2326.000000 8.000000) 
4 28 34 (505.000000 -2326.000000 8.000000) (3052.000000 -2326.000000 8.000000) (3052.000000 -2326.000000 256.000000) (505.000000 -2326.000000 256.000000) 
4 28 31 (505.000000 -2326.000000 8.000000) (505.000000 -2326.000000 256.000000) (505.000000 -2062.000000 256.000000) (505.000000 -2062.000000 8.000000) 
4 28 29 (505.000000 -1784.000000 256.000000) (505.000000 -1583.000000 256.000000) (505.000000 -1583.000000 8.000000) (505.000000 -1784.000000 8.000000) 
4 29 176 (341.000000 -1784.000000 8.000000) (341.000000 -1583.000000 8.000000) (505.000000 -1583.000000 8.000000) (505.000000 -1784.000000 8.000000) 
4 29 78 (341.000000 -1583.000000 8.000000) (341.000000 -1784.000000 8.000000) (341.000000 -1784.000000 248.000000) (341.000000 -1583.000000 248.000000) 
4 29 76 (341.000000 -1784.000000 248.000000) (341.000000 -1784.000000 256.000000) (341.000000 -1583.000000 256.000000) (341.000000 -1583.000000 248.000000) 
4 30 79 (341.000000 -1804.000000 8.000000) (341.000000 -2042.000000 8.000000) (341.000000 -2042.000000 248.000000) (341.000000 -1804.000000 248.000000) 
4 31 195 (361.000000 -2062.000000 8.000000) (505.000000 -2062.000000 8.000000) (505.000000 -2326.000000 8.000000) (361.000000 -2326.000000 8.000000) 
4 31 34 (361.000000 -2326.000000 8.000000) (505.000000 -2326.000000 8.000000) (505.000000 -2326.000000 256.000000) (361.000000 -2326.000000 256.000000) 
4 32 92 (341.000000 -3076.000000 2540.000000) (341.000000 -3076.000000 2560.000000) (341.000000 -2326.000000 2560.000000) (341.000000 -2326.000000 2540.000000) 
4 32 33 (3052.000000 -2326.000000 2540.000000) (3072.000000 -2326.000000 2540.000000) (3072.000000 -3076.000000 2540.000000) (3052.000000 -3076.000000 2540.000000) 
4 32 35 (341.000000 -3076.000000 2560.000000) (341.000000 -3076.000000 2540.000000) (3072.000000 -3076.000000 2540.000000) (3072.000000 -3076.000000 2560.000000) 
4 33 169 (3052.000000 -2326.000000 8.000000) (3072.000000 -2326.000000 8.000000) (3072.000000 -3076.000000 8.000000) (3052.000000 -3076.000000 8.000000) 
4 33 35 (3052.000000 -3076.000000 8.000000) (3072.000000 -3076.000000 8.000000) (3072.000000 -3076.000000 2540.000000) (3052.000000 -3076.000000 2540.000000) 
4 34 199 (341.000000 -3076.000000 8.000000) (341.000000 -2326.000000 8.000000) (595.000000 -2326.000000 8.000000) (595.000000 -3076.000000 8.000000) 
4 34 170 (595.000000 -2326.000000 8.000000) (3052.000000 -2326.000000 8.000000) (3052.000000 -3076.000000 8.000000) (595.000000 -3076.000000 8.000000) 
4 34 93 (341.000000 -2326.000000 8.000000) (341.000000 -3076.000000 8.000000) (341.000000 -3076.000000 2540.000000) (341.000000 -2326.000000 2540.000000) 
4 35 200 (341.000000 -3096.000000 8.000000) (341.000000 -3076.000000 8.000000) (595.000000 -3076.000000 8.000000) (595.000000 -3096.000000 8.000000) 
4 35 172 (595.000000 -3076.000000 8.000000) (3072.000000 -3076.000000 8.000000) (3072.000000 -3096.000000 8.000000) (595.000000 -3096.000000 8.000000) 
4 35 94 (341.000000 -3076.000000 8.000000) (341.000000 -3096.000000 8.000000) (341.000000 -3096.000000 2560.000000) (341.000000 -3076.000000 2560.000000) 
4 36 179 (-175.000000 1492.000000 8.000000) (-175.000000 1512.000000 8.000000) (-0.000000 1512.000000 8.000000) (-0.000000 1492.000000 8.000000) 
4 36 173 (-0.000000 1512.000000 8.000000) (341.000000 1512.000000 8.000000) (341.000000 1492.000000 8.000000) (-0.000000 1492.000000 8.000000) 
4 36 95 (-175.000000 1512.000000 8.000000) (-175.000000 1492.000000 8.000000) (-175.000000 1492.000000 2560.000000) (-175.000000 1512.000000 2560.000000) 
4 36 37 (-175.000000 1492.000000 2560.000000) (-175.000000 1492.000000 2540.000000) (341.000000 1492.000000 2540.000000) (341.000000 1492.000000 2560.000000) 
4 37 96 (-175.000000 608.000000 2540.000000) (-175.000000 608.000000 2560.000000) (-175.000000 1492.000000 2560.000000) (-175.000000 1492.000000 2540.000000) 
4 37 39 (341.000000 608.000000 2540.000000) (341.000000 608.000000 2560.000000) (-175.000000 608.000000 2560.000000) (-175.000000 608.000000 2540.000000) 
4 38 180 (-175.000000 608.000000 8.000000) (-175.000000 1492.000000 8.000000) (-0.000000 1492.000000 8.000000) (-0.000000 608.000000 8.000000) 
4 38 174 (-0.000000 1492.000000 8.000000) (341.000000 1492.000000 8.000000) (341.000000 608.000000 8.000000) (-0.000000 608.000000 8.000000) 
4 38 100 (-175.000000 1492.000000 8.000000) (-175.000000 608.000000 8.000000) (-175.000000 608.000000 248.000000) (-175.000000 1492.000000 248.000000) 
4 38 97 (-175.000000 608.000000 248.000000) (-175.000000 608.000000 2540.000000) (-175.000000 1492.000000 2540.000000) (-175.000000 1492.000000 248.000000) 
4 38 43 (-175.000000 608.000000 8.000000) (-0.000000 608.000000 8.000000) (-0.000000 608.000000 248.000000) (-175.000000 608.000000 248.000000) 
4 38 42 (-0.000000 608.000000 8.000000) (341.000000 608.000000 8.000000) (341.000000 608.000000 248.000000) (-0.000000 608.000000 248.000000) 
4 38 41 (-0.000000 608.000000 256.000000) (-175.000000 608.000000 256.000000) (-175.000000 608.000000 248.000000) (-0.000000 608.000000 248.000000) 
4 38 40 (341.000000 608.000000 256.000000) (341.000000 608.000000 2540.000000) (-175.000000 608.000000 2540.000000) (-175.000000 608.000000 256.000000) 
4 39 96 (-175.000000 1.000000 2540.000000) (-175.000000 1.000000 2560.000000) (-175.000000 608.000000 2560.000000) (-175.000000 608.000000 2540.000000) 
4 39 48 (-175.000000 1.000000 2560.000000) (-175.000000 1.000000 2540.000000) (341.000000 1.000000 2540.000000) (341.000000 1.000000 2560.000000) 
4 40 98 (-175.000000 1.000000 256.000000) (-175.000000 1.000000 2540.000000) (-175.000000 460.000000 2540.000000) (-175.000000 460.000000 256.000000) 
4 40 97 (-175.000000 460.000000 2540.000000) (-175.000000 608.000000 2540.000000) (-175.000000 608.000000 256.000000) (-175.000000 460.000000 256.000000) 
4 40 49 (-175.000000 1.000000 2540.000000) (-175.000000 1.000000 256.000000) (341.000000 1.000000 256.000000) (341.000000 1.000000 2540.000000) 
4 40 41 (-175.000000 460.000000 256.000000) (-175.000000 608.000000 256.000000) (-0.000000 608.000000 256.000000) (-0.000000 460.000000 256.000000) 
4 41 97 (-175.000000 460.000000 256.000000) (-175.000000 608.000000 256.000000) (-175.000000 608.000000 248.000000) (-175.000000 460.000000 248.000000) 
4 41 43 (-175.000000 460.000000 248.000000) (-175.000000 608.000000 248.000000) (-0.000000 608.000000 248.000000) (-0.000000 460.000000 248.000000) 
4 42 45 (1.000000 247.000000 8.000000) (341.000000 247.000000 8.000000) (341.000000 247.000000 248.000000) (1.000000 247.000000 248.000000) 
4 42 44 (0.000000 454.000000 8.000000) (0.000000 247.000000 8.000000) (0.000000 247.000000 248.000000) (0.000000 454.000000 248.000000) 
4 42 43 (0.000000 608.000000 248.000000) (0.000000 608.000000 8.000000) (0.000000 460.000000 8.000000) (0.000000 460.000000 248.000000) 
4 43 180 (-175.000000 460.000000 8.000000) (-175.000000 608.000000 8.000000) (-0.000000 608.000000 8.000000) (0.000000 460.000000 8.000000) 
4 43 100 (-175.000000 608.000000 8.000000) (-175.000000 460.000000 8.000000) (-175.000000 460.000000 248.000000) (-175.000000 608.000000 248.000000) 
4 44 101 (-175.000000 454.000000 8.000000) (-175.000000 247.000000 8.000000) (-175.000000 247.000000 248.000000) (-175.000000 454.000000 248.000000) 
4 45 46 (1.000000 229.000000 8.000000) (341.000000 229.000000 8.000000) (341.000000 229.000000 248.000000) (1.000000 229.000000 248.000000) 
4 46 54 (-0.000000 1.000000 8.000000) (166.000000 1.000000 8.000000) (166.000000 1.000000 248.000000) (-0.000000 1.000000 248.000000) 
4 46 53 (166.000000 1.000000 8.000000) (186.000000 1.000000 8.000000) (186.000000 1.000000 248.000000) (166.000000 1.000000 248.000000) 
4 46 52 (186.000000 1.000000 8.000000) (341.000000 1.000000 8.000000) (341.000000 1.000000 248.000000) (186.000000 1.000000 248.000000) 
4 46 47 (0.000000 229.000000 8.000000) (0.000000 8.000000 8.000000) (0.000000 8.000000 248.000000) (0.000000 229.000000 248.000000) 
4 47 105 (-175.000000 229.000000 8.000000) (-175.000000 8.000000 8.000000) (-175.000000 8.000000 248.000000) (-175.000000 229.000000 248.000000) 
4 48 107 (-175.000000 -527.000000 2540.000000) (-175.000000 -527.000000 2560.000000) (-175.000000 -0.000000 2560.000000) (-175.000000 -0.000000 2540.000000) 
4 48 96 (-175.000000 -0.000000 2560.000000) (-175.000000 1.000000 2560.000000) (-175.000000 1.000000 2540.000000) (-175.000000 -0.000000 2540.000000) 
4 48 56 (341.000000 -527.000000 2540.000000) (341.000000 -527.000000 2560.000000) (-175.000000 -527.000000 2560.000000) (-175.000000 -527.000000 2540.000000) 
4 49 108 (-175.000000 -527.000000 256.000000) (-175.000000 -527.000000 2540.000000) (-175.000000 -0.000000 2540.000000) (-175.000000 -0.000000 256.000000) 
4 49 98 (-175.000000 -0.000000 2540.000000) (-175.000000 1.000000 2540.000000) (-175.000000 1.000000 256.000000) (-175.000000 -0.000000 256.000000) 
4 49 57 (341.000000 -527.000000 256.000000) (341.000000 -527.000000 2540.000000) (-175.000000 -527.000000 2540.000000) (-175.000000 -527.000000 256.000000) 
4 49 51 (-0.000000 -527.000000 256.000000) (-175.000000 -527.000000 256.000000) (-175.000000 -0.000000 256.000000) (0.000000 -0.000000 256.000000) 
4 49 50 (166.000000 -527.000000 256.000000) (-0.000000 -527.000000 256.000000) (-0.000000 1.000000 256.000000) (166.000000 1.000000 256.000000) 
4 50 58 (166.000000 -527.000000 256.000000) (-0.000000 -527.000000 256.000000) (-0.000000 -527.000000 248.000000) (166.000000 -527.000000 248.000000) 
4 50 54 (-0.000000 1.000000 248.000000) (166.000000 1.000000 248.000000) (166.000000 -0.000000 248.000000) (0.000000 -0.000000 248.000000) 
4 50 55 (166.000000 -0.000000 248.000000) (166.000000 -527.000000 248.000000) (-0.000000 -527.000000 248.000000) (0.000000 -0.000000 248.000000) 
4 50 51 (0.000000 -0.000000 248.000000) (0.000000 -527.000000 248.000000) (0.000000 -527.000000 256.000000) (0.000000 -0.000000 256.000000) 
4 51 109 (-175.000000 -527.000000 248.000000) (-175.000000 -527.000000 256.000000) (-175.000000 -0.000000 256.000000) (-175.000000 -0.000000 248.000000) 
4 51 59 (-0.000000 -527.000000 256.000000) (-175.000000 -527.000000 256.000000) (-175.000000 -527.000000 248.000000) (-0.000000 -527.000000 248.000000) 
4 51 55 (-175.000000 -527.000000 248.000000) (-175.000000 -0.000000 248.000000) (0.000000 -0.000000 248.000000) (-0.000000 -527.000000 248.000000) 
4 52 53 (186.000000 1.000000 248.000000) (186.000000 1.000000 8.000000) (186.000000 -498.000000 8.000000) (186.000000 -498.000000 248.000000) 
4 53 54 (166.000000 -0.000000 248.000000) (166.000000 1.000000 248.000000) (166.000000 1.000000 8.000000) (166.000000 -0.000000 8.000000) 
4 53 55 (166.000000 -498.000000 248.000000) (166.000000 -0.000000 248.000000) (166.000000 -0.000000 8.000000) (166.000000 -498.000000 8.000000) 
4 54 55 (-0.000000 0.000000 8.000000) (166.000000 0.000000 8.000000) (166.000000 0.000000 248.000000) (-0.000000 0.000000 248.000000) 
4 55 184 (-175.000000 -527.000000 8.000000) (-175.000000 -0.000000 8.000000) (-0.000000 0.000000 8.000000) (-0.000000 -527.000000 8.000000) 
4 55 110 (-175.000000 -0.000000 8.000000) (-175.000000 -527.000000 8.000000) (-175.000000 -527.000000 248.000000) (-175.000000 -0.000000 248.000000) 
4 55 62 (-175.000000 -527.000000 8.000000) (-0.000000 -527.000000 8.000000) (-0.000000 -527.000000 248.000000) (-175.000000 -527.000000 248.000000) 
4 55 61 (-0.000000 -527.000000 8.000000) (166.000000 -527.000000 8.000000) (166.000000 -527.000000 248.000000) (-0.000000 -527.000000 248.000000) 
4 56 107 (-175.000000 -1055.000000 2540.000000) (-175.000000 -1055.000000 2560.000000) (-175.000000 -527.000000 2560.000000) (-175.000000 -527.000000 2540.000000) 
4 56 64 (341.000000 -1055.000000 2540.000000) (341.000000 -1055.000000 2560.000000) (-175.000000 -1055.000000 2560.000000) (-175.000000 -1055.000000 2540.000000) 
4 57 108 (-175.000000 -1055.000000 256.000000) (-175.000000 -1055.000000 2540.000000) (-175.000000 -527.000000 2540.000000) (-175.000000 -527.000000 256.000000) 
4 57 65 (341.000000 -1055.000000 256.000000) (341.000000 -1055.000000 2540.000000) (-175.000000 -1055.000000 2540.000000) (-175.000000 -1055.000000 256.000000) 
4 57 59 (-175.000000 -889.000000 256.000000) (-175.000000 -527.000000 256.000000) (-0.000000 -527.000000 256.000000) (0.000000 -889.000000 256.000000) 
4 57 58 (166.000000 -1055.000000 256.000000) (-0.000000 -1055.000000 256.000000) (-0.000000 -527.000000 256.000000) (166.000000 -527.000000 256.000000) 
4 58 66 (166.000000 -1055.000000 256.000000) (-0.000000 -1055.000000 256.000000) (-0.000000 -1055.000000 248.000000) (166.000000 -1055.000000 248.000000) 
4 58 61 (-0.000000 -527.000000 248.000000) (166.000000 -527.000000 248.000000) (166.000000 -1055.000000 248.000000) (-0.000000 -1055.000000 248.000000) 
4 58 59 (0.000000 -527.000000 248.000000) (0.000000 -889.000000 248.000000) (0.000000 -889.000000 256.000000) (0.000000 -527.000000 256.000000) 
4 59 109 (-175.000000 -889.000000 256.000000) (-175.000000 -527.000000 256.000000) (-175.000000 -527.000000 248.000000) (-175.000000 -889.000000 248.000000) 
4 59 62 (-175.000000 -889.000000 248.000000) (-175.000000 -527.000000 248.000000) (-0.000000 -527.000000 248.000000) (0.000000 -889.000000 248.000000) 
4 60 61 (186.000000 -527.000000 8.000000) (186.000000 -1035.000000 8.000000) (186.000000 -1035.000000 248.000000) (186.000000 -527.000000 248.000000) 
4 61 69 (-0.000000 -1055.000000 8.000000) (186.000000 -1055.000000 8.000000) (186.000000 -1055.000000 248.000000) (-0.000000 -1055.000000 248.000000) 
4 61 62 (0.000000 -527.000000 248.000000) (0.000000 -527.000000 8.000000) (0.000000 -889.000000 8.000000) (0.000000 -889.000000 248.000000) 
4 62 184 (-175.000000 -889.000000 8.000000) (-175.000000 -527.000000 8.000000) (-0.000000 -527.000000 8.000000) (0.000000 -889.000000 8.000000) 
4 62 110 (-175.000000 -527.000000 8.000000) (-175.000000 -889.000000 8.000000) (-175.000000 -889.000000 248.000000) (-175.000000 -527.000000 248.000000) 
4 63 111 (-175.000000 -909.000000 8.000000) (-175.000000 -1055.000000 8.000000) (-175.000000 -1055.000000 248.000000) (-175.000000 -909.000000 248.000000) 
4 63 70 (-175.000000 -1055.000000 8.000000) (-20.000000 -1055.000000 8.000000) (-20.000000 -1055.000000 248.000000) (-175.000000 -1055.000000 248.000000) 
4 64 131 (-175.000000 -1583.000000 2540.000000) (-175.000000 -1583.000000 2560.000000) (-175.000000 -1153.000000 2560.000000) (-175.000000 -1153.000000 2540.000000) 
4 64 107 (-175.000000 -1153.000000 2560.000000) (-175.000000 -1055.000000 2560.000000) (-175.000000 -1055.000000 2540.000000) (-175.000000 -1153.000000 2540.000000) 
4 64 74 (-175.000000 -1583.000000 2560.000000) (-175.000000 -1583.000000 2540.000000) (341.000000 -1583.000000 2540.000000) (341.000000 -1583.000000 2560.000000) 
4 65 132 (-175.000000 -1583.000000 256.000000) (-175.000000 -1583.000000 2540.000000) (-175.000000 -1153.000000 2540.000000) (-175.000000 -1153.000000 256.000000) 
4 65 108 (-175.000000 -1153.000000 2540.000000) (-175.000000 -1055.000000 2540.000000) (-175.000000 -1055.000000 256.000000) (-175.000000 -1153.000000 256.000000) 
4 65 75 (-175.000000 -1583.000000 2540.000000) (-175.000000 -1583.000000 256.000000) (341.000000 -1583.000000 256.000000) (341.000000 -1583.000000 2540.000000) 
4 65 67 (-175.000000 -1320.000000 256.000000) (-175.000000 -1153.000000 256.000000) (0.000000 -1153.000000 256.000000) (0.000000 -1320.000000 256.000000) 
4 65 66 (166.000000 -1583.000000 256.000000) (-0.000000 -1583.000000 256.000000) (-0.000000 -1055.000000 256.000000) (166.000000 -1055.000000 256.000000) 
4 66 76 (-0.000000 -1583.000000 248.000000) (166.000000 -1583.000000 248.000000) (166.000000 -1583.000000 256.000000) (-0.000000 -1583.000000 256.000000) 
4 66 69 (-0.000000 -1055.000000 248.000000) (166.000000 -1055.000000 248.000000) (166.000000 -1583.000000 248.000000) (-0.000000 -1583.000000 248.000000) 
4 66 67 (0.000000 -1153.000000 248.000000) (0.000000 -1320.000000 248.000000) (0.000000 -1320.000000 256.000000) (0.000000 -1153.000000 256.000000) 
4 67 133 (-175.000000 -1320.000000 256.000000) (-175.000000 -1153.000000 256.000000) (-175.000000 -1153.000000 248.000000) (-175.000000 -1320.000000 248.000000) 
4 67 72 (-175.000000 -1320.000000 248.000000) (-175.000000 -1153.000000 248.000000) (0.000000 -1153.000000 248.000000) (0.000000 -1320.000000 248.000000) 
4 68 69 (186.000000 -1563.000000 248.000000) (186.000000 -1055.000000 248.000000) (186.000000 -1055.000000 8.000000) (186.000000 -1563.000000 8.000000) 
4 69 82 (-0.000000 -1583.000000 8.000000) (166.000000 -1583.000000 8.000000) (166.000000 -1583.000000 248.000000) (-0.000000 -1583.000000 248.000000) 
4 69 72 (0.000000 -1153.000000 8.000000) (0.000000 -1320.000000 8.000000) (0.000000 -1320.000000 248.000000) (0.000000 -1153.000000 248.000000) 
4 70 111 (-175.000000 -1055.000000 8.000000) (-175.000000 -1133.000000 8.000000) (-175.000000 -1133.000000 248.000000) (-175.000000 -1055.000000 248.000000) 
4 70 71 (-64.000000 -1133.000000 8.000000) (-20.000000 -1133.000000 8.000000) (-20.000000 -1133.000000 88.000000) (-64.000000 -1133.000000 88.000000) 
4 71 72 (-64.000000 -1153.000000 8.000000) (-20.000000 -1153.000000 8.000000) (-20.000000 -1153.000000 88.000000) (-64.000000 -1153.000000 88.000000) 
4 72 133 (-175.000000 -1153.000000 8.000000) (-175.000000 -1320.000000 8.000000) (-175.000000 -1320.000000 248.000000) (-175.000000 -1153.000000 248.000000) 
4 73 135 (-175.000000 -1340.000000 8.000000) (-175.000000 -1564.000000 8.000000) (-175.000000 -1564.000000 248.000000) (-175.000000 -1340.000000 248.000000) 
4 74 158 (-175.000000 -2326.000000 2540.000000) (-175.000000 -2326.000000 2560.000000) (-175.000000 -1784.000000 2560.000000) (-175.000000 -1784.000000 2540.000000) 
4 74 131 (-175.000000 -1784.000000 2560.000000) (-175.000000 -1583.000000 2560.000000) (-175.000000 -1583.000000 2540.000000) (-175.000000 -1784.000000 2540.000000) 
4 74 92 (341.000000 -2326.000000 2540.000000) (341.000000 -2326.000000 2560.000000) (-175.000000 -2326.000000 2560.000000) (-175.000000 -2326.000000 2540.000000) 
4 75 159 (-175.000000 -2326.000000 256.000000) (-175.000000 -2326.000000 2540.000000) (-175.000000 -1784.000000 2540.000000) (-175.000000 -1784.000000 256.000000) 
4 75 132 (-175.000000 -1784.000000 2540.000000) (-175.000000 -1583.000000 2540.000000) (-175.000000 -1583.000000 256.000000) (-175.000000 -1784.000000 256.000000) 
4 75 93 (341.000000 -2326.000000 256.000000) (341.000000 -2326.000000 2540.000000) (-175.000000 -2326.000000 2540.000000) (-175.000000 -2326.000000 256.000000) 
4 75 77 (-175.000000 -1784.000000 256.000000) (-175.000000 -1584.000000 256.000000) (0.000000 -1584.000000 256.000000) (-0.000000 -1784.000000 256.000000) 
4 75 76 (-0.000000 -1583.000000 256.000000) (341.000000 -1583.000000 256.000000) (341.000000 -1784.000000 256.000000) (-0.000000 -1784.000000 256.000000) 
4 76 81 (186.000000 -1583.000000 248.000000) (241.000000 -1583.000000 248.000000) (241.000000 -1764.000000 248.000000) (186.000000 -1764.000000 248.000000) 
4 76 82 (-0.000000 -1583.000000 248.000000) (166.000000 -1583.000000 248.000000) (166.000000 -1784.000000 248.000000) (-0.000000 -1784.000000 248.000000) 
4 76 78 (241.000000 -1583.000000 248.000000) (341.000000 -1583.000000 248.000000) (341.000000 -1784.000000 248.000000) (241.000000 -1784.000000 248.000000) 
4 76 77 (0.000000 -1584.000000 248.000000) (0.000000 -1784.000000 248.000000) (0.000000 -1784.000000 256.000000) (0.000000 -1584.000000 256.000000) 
4 77 142 (-175.000000 -1784.000000 256.000000) (-175.000000 -1584.000000 256.000000) (-175.000000 -1584.000000 248.000000) (-175.000000 -1784.000000 248.000000) 
4 77 84 (-175.000000 -1784.000000 248.000000) (-175.000000 -1764.000000 248.000000) (-75.000000 -1764.000000 248.000000) (-75.000000 -1784.000000 248.000000) 
4 77 83 (-175.000000 -1764.000000 248.000000) (-175.000000 -1584.000000 248.000000) (-20.000000 -1584.000000 248.000000) (-20.000000 -1764.000000 248.000000) 
4 78 176 (241.000000 -1583.000000 8.000000) (341.000000 -1583.000000 8.000000) (341.000000 -1784.000000 8.000000) (241.000000 -1784.000000 8.000000) 
4 78 81 (241.000000 -1583.000000 248.000000) (241.000000 -1583.000000 8.000000) (241.000000 -1764.000000 8.000000) (241.000000 -1764.000000 248.000000) 
4 79 80 (261.000000 -1804.000000 88.000000) (261.000000 -1804.000000 8.000000) (261.000000 -1848.000000 8.000000) (261.000000 -1848.000000 88.000000) 
4 80 85 (241.000000 -1804.000000 8.000000) (241.000000 -1848.000000 8.000000) (241.000000 -1848.000000 88.000000) (241.000000 -1804.000000 88.000000) 
4 81 176 (186.000000 -1583.000000 8.000000) (241.000000 -1583.000000 8.000000) (241.000000 -1764.000000 8.000000) (186.000000 -1764.000000 8.000000) 
4 82 85 (-0.000000 -1784.000000 8.000000) (166.000000 -1784.000000 8.000000) (166.000000 -1784.000000 248.000000) (-0.000000 -1784.000000 248.000000) 
4 83 189 (-175.000000 -1764.000000 8.000000) (-175.000000 -1584.000000 8.000000) (-20.000000 -1584.000000 8.000000) (-20.000000 -1764.000000 8.000000) 
4 83 142 (-175.000000 -1584.000000 8.000000) (-175.000000 -1764.000000 8.000000) (-175.000000 -1764.000000 248.000000) (-175.000000 -1584.000000 248.000000) 
4 83 84 (-175.000000 -1764.000000 248.000000) (-175.000000 -1764.000000 8.000000) (-75.000000 -1764.000000 8.000000) (-75.000000 -1764.000000 248.000000) 
4 84 189 (-175.000000 -1784.000000 8.000000) (-175.000000 -1764.000000 8.000000) (-75.000000 -1764.000000 8.000000) (-75.000000 -1784.000000 8.000000) 
4 84 142 (-175.000000 -1764.000000 8.000000) (-175.000000 -1784.000000 8.000000) (-175.000000 -1784.000000 248.000000) (-175.000000 -1764.000000 248.000000) 
4 85 90 (19.000000 -2062.000000 8.000000) (63.000000 -2062.000000 8.000000) (63.000000 -2062.000000 88.000000) (19.000000 -2062.000000 88.000000) 
4 85 88 (103.000000 -2062.000000 8.000000) (147.000000 -2062.000000 8.000000) (147.000000 -2062.000000 88.000000) (103.000000 -2062.000000 88.000000) 
4 85 86 (-75.000000 -1804.000000 8.000000) (-75.000000 -1848.000000 8.000000) (-75.000000 -1848.000000 88.000000) (-75.000000 -1804.000000 88.000000) 
4 86 87 (-95.000000 -1804.000000 8.000000) (-95.000000 -1848.000000 8.000000) (-95.000000 -1848.000000 88.000000) (-95.000000 -1804.000000 88.000000) 
4 87 160 (-175.000000 -1804.000000 8.000000) (-175.000000 -2042.000000 8.000000) (-175.000000 -2042.000000 248.000000) (-175.000000 -1804.000000 248.000000) 
4 88 89 (103.000000 -2082.000000 8.000000) (147.000000 -2082.000000 8.000000) (147.000000 -2082.000000 88.000000) (103.000000 -2082.000000 88.000000) 
4 90 91 (19.000000 -2082.000000 8.000000) (63.000000 -2082.000000 8.000000) (63.000000 -2082.000000 88.000000) (19.000000 -2082.000000 88.000000) 
4 92 164 (-175.000000 -3076.000000 2540.000000) (-175.000000 -3076.000000 2560.000000) (-175.000000 -2326.000000 2560.000000) (-175.000000 -2326.000000 2540.000000) 
4 92 94 (-175.000000 -3076.000000 2560.000000) (-175.000000 -3076.000000 2540.000000) (341.000000 -3076.000000 2540.000000) (341.000000 -3076.000000 2560.000000) 
4 93 199 (-175.000000 -3076.000000 8.000000) (-175.000000 -2326.000000 8.000000) (341.000000 -2326.000000 8.000000) (341.000000 -3076.000000 8.000000) 
4 93 165 (-175.000000 -2326.000000 8.000000) (-175.000000 -3076.000000 8.000000) (-175.000000 -3076.000000 2540.000000) (-175.000000 -2326.000000 2540.000000) 
4 94 200 (-175.000000 -3096.000000 8.000000) (-175.000000 -3076.000000 8.000000) (341.000000 -3076.000000 8.000000) (341.000000 -3096.000000 8.000000) 
4 94 166 (-175.000000 -3076.000000 8.000000) (-175.000000 -3096.000000 8.000000) (-175.000000 -3096.000000 2540.000000) (-175.000000 -3076.000000 2540.000000) 
4 94 164 (-175.000000 -3096.000000 2540.000000) (-175.000000 -3096.000000 2560.000000) (-175.000000 -3076.000000 2560.000000) (-175.000000 -3076.000000 2540.000000) 
4 95 179 (-175.000000 1512.000000 8.000000) (-175.000000 1492.000000 8.000000) (-834.000000 1492.000000 8.000000) (-834.000000 1512.000000 8.000000) 
4 95 116 (-834.000000 1512.000000 8.000000) (-834.000000 1492.000000 8.000000) (-834.000000 1492.000000 2560.000000) (-834.000000 1512.000000 2560.000000) 
4 95 96 (-834.000000 1492.000000 2560.000000) (-834.000000 1492.000000 2540.000000) (-175.000000 1492.000000 2540.000000) (-175.000000 1492.000000 2560.000000) 
4 96 117 (-834.000000 0.000000 2540.000000) (-834.000000 0.000000 2560.000000) (-834.000000 1492.000000 2560.000000) (-834.000000 1492.000000 2540.000000) 
4 96 107 (-175.000000 0.000000 2540.000000) (-175.000000 0.000000 2560.000000) (-834.000000 0.000000 2560.000000) (-834.000000 0.000000 2540.000000) 
4 97 100 (-384.000000 460.000000 248.000000) (-384.000000 1492.000000 248.000000) (-175.000000 1492.000000 248.000000) (-175.000000 460.000000 248.000000) 
4 97 98 (-175.000000 460.000000 256.000000) (-175.000000 460.000000 2540.000000) (-384.000000 460.000000 2540.000000) (-384.000000 460.000000 256.000000) 
4 97 99 (-384.000000 1492.000000 2540.000000) (-384.000000 1492.000000 248.000000) (-384.000000 460.000000 248.000000) (-384.000000 460.000000 2540.000000) 
4 98 108 (-175.000000 0.000000 256.000000) (-175.000000 0.000000 2540.000000) (-384.000000 0.000000 2540.000000) (-384.000000 0.000000 256.000000) 
4 98 99 (-384.000000 0.000000 256.000000) (-384.000000 0.000000 2540.000000) (-384.000000 460.000000 2540.000000) (-384.000000 460.000000 256.000000) 
4 99 118 (-834.000000 0.000000 248.000000) (-834.000000 0.000000 2540.000000) (-834.000000 1492.000000 2540.000000) (-834.000000 1492.000000 248.000000) 
4 99 109 (-834.000000 0.000000 256.000000) (-834.000000 0.000000 248.000000) (-384.000000 0.000000 248.000000) (-384.000000 0.000000 256.000000) 
4 99 108 (-384.000000 0.000000 2540.000000) (-834.000000 0.000000 2540.000000) (-834.000000 0.000000 256.000000) (-384.000000 0.000000 256.000000) 
4 99 106 (-384.000000 0.000000 248.000000) (-834.000000 0.000000 248.000000) (-834.000000 460.000000 248.000000) (-384.000000 460.000000 248.000000) 
4 99 100 (-834.000000 460.000000 248.000000) (-834.000000 1492.000000 248.000000) (-384.000000 1492.000000 248.000000) (-384.000000 460.000000 248.000000) 
4 100 180 (-175.000000 1492.000000 8.000000) (-175.000000 460.000000 8.000000) (-834.000000 460.000000 8.000000) (-834.000000 1492.000000 8.000000) 
4 100 120 (-834.000000 1492.000000 8.000000) (-834.000000 460.000000 8.000000) (-834.000000 460.000000 248.000000) (-834.000000 1492.000000 248.000000) 
4 100 106 (-384.000000 460.000000 248.000000) (-834.000000 460.000000 248.000000) (-834.000000 460.000000 8.000000) (-384.000000 460.000000 8.000000) 
4 101 103 (-368.000000 454.000000 8.000000) (-368.000000 248.000000 8.000000) (-368.000000 248.000000 248.000000) (-368.000000 454.000000 248.000000) 
4 101 102 (-364.000000 247.000000 8.000000) (-314.000000 247.000000 8.000000) (-314.000000 247.000000 84.000000) (-364.000000 247.000000 84.000000) 
4 102 105 (-364.000000 229.000000 8.000000) (-314.000000 229.000000 8.000000) (-314.000000 229.000000 84.000000) (-364.000000 229.000000 84.000000) 
4 103 104 (-376.000000 248.000000 8.000000) (-375.000000 248.000000 8.000000) (-375.000000 248.000000 248.000000) (-376.000000 248.000000 248.000000) 
4 104 105 (-376.000000 229.000000 8.000000) (-375.000000 229.000000 8.000000) (-375.000000 229.000000 248.000000) (-376.000000 229.000000 248.000000) 
4 106 183 (-384.000000 0.000000 8.000000) (-834.000000 -0.000000 8.000000) (-834.000000 460.000000 8.000000) (-384.000000 460.000000 8.000000) 
4 106 120 (-834.000000 460.000000 8.000000) (-834.000000 -0.000000 8.000000) (-834.000000 0.000000 248.000000) (-834.000000 460.000000 248.000000) 
4 106 110 (-834.000000 0.000000 8.000000) (-384.000000 0.000000 8.000000) (-384.000000 0.000000 248.000000) (-834.000000 0.000000 248.000000) 
4 107 131 (-175.000000 -1153.000000 2540.000000) (-175.000000 -1153.000000 2560.000000) (-834.000000 -1153.000000 2560.000000) (-834.000000 -1153.000000 2540.000000) 
4 107 117 (-834.000000 -1153.000000 2540.000000) (-834.000000 -1153.000000 2560.000000) (-834.000000 0.000000 2560.000000) (-834.000000 0.000000 2540.000000) 
4 108 132 (-175.000000 -1153.000000 256.000000) (-175.000000 -1153.000000 2540.000000) (-834.000000 -1153.000000 2540.000000) (-834.000000 -1153.000000 256.000000) 
4 108 119 (-834.000000 -1153.000000 256.000000) (-834.000000 -1153.000000 2540.000000) (-834.000000 -889.000000 2540.000000) (-834.000000 -889.000000 256.000000) 
4 108 118 (-834.000000 -889.000000 2540.000000) (-834.000000 0.000000 2540.000000) (-834.000000 0.000000 256.000000) (-834.000000 -889.000000 256.000000) 
4 108 109 (-834.000000 -889.000000 256.000000) (-834.000000 -0.000000 256.000000) (-175.000000 -0.000000 256.000000) (-175.000000 -889.000000 256.000000) 
4 109 118 (-834.000000 -889.000000 256.000000) (-834.000000 0.000000 256.000000) (-834.000000 0.000000 248.000000) (-834.000000 -889.000000 248.000000) 
4 109 110 (-834.000000 -889.000000 248.000000) (-834.000000 0.000000 248.000000) (-175.000000 0.000000 248.000000) (-175.000000 -889.000000 248.000000) 
4 110 184 (-175.000000 -0.000000 8.000000) (-175.000000 -889.000000 8.000000) (-834.000000 -889.000000 8.000000) (-834.000000 -0.000000 8.000000) 
4 110 120 (-834.000000 -0.000000 8.000000) (-834.000000 -889.000000 8.000000) (-834.000000 -889.000000 248.000000) (-834.000000 0.000000 248.000000) 
4 112 114 (-322.000000 -1133.000000 8.000000) (-278.000000 -1133.000000 8.000000) (-278.000000 -1133.000000 88.000000) (-322.000000 -1133.000000 88.000000) 
4 113 115 (-600.000000 -1133.000000 8.000000) (-556.000000 -1133.000000 8.000000) (-556.000000 -1133.000000 88.000000) (-600.000000 -1133.000000 88.000000) 
4 114 133 (-322.000000 -1153.000000 8.000000) (-278.000000 -1153.000000 8.000000) (-278.000000 -1153.000000 88.000000) (-322.000000 -1153.000000 88.000000) 
4 115 133 (-600.000000 -1153.000000 8.000000) (-556.000000 -1153.000000 8.000000) (-556.000000 -1153.000000 88.000000) (-600.000000 -1153.000000 88.000000) 
4 116 179 (-834.000000 1512.000000 8.000000) (-834.000000 1492.000000 8.000000) (-1668.000000 1492.000000 8.000000) (-1668.000000 1512.000000 8.000000) 
4 116 128 (-1668.000000 1512.000000 8.000000) (-1668.000000 1492.000000 8.000000) (-1668.000000 1492.000000 2540.000000) (-1668.000000 1512.000000 2540.000000) 
4 116 127 (-1668.000000 1492.000000 2540.000000) (-1668.000000 1492.000000 2560.000000) (-1668.000000 1512.000000 2560.000000) (-1668.000000 1512.000000 2540.000000) 
4 116 117 (-1668.000000 1492.000000 2560.000000) (-1668.000000 1492.000000 2540.000000) (-834.000000 1492.000000 2540.000000) (-834.000000 1492.000000 2560.000000) 
4 117 143 (-1112.000000 -1153.000000 2560.000000) (-1668.000000 -1153.000000 2560.000000) (-1668.000000 -1153.000000 2540.000000) (-1112.000000 -1153.000000 2540.000000) 
4 117 131 (-834.000000 -1153.000000 2540.000000) (-834.000000 -1153.000000 2560.000000) (-1112.000000 -1153.000000 2560.000000) (-1112.000000 -1153.000000 2540.000000) 
4 117 127 (-1668.000000 -1153.000000 2540.000000) (-1668.000000 -1153.000000 2560.000000) (-1668.000000 1492.000000 2560.000000) (-1668.000000 1492.000000 2540.000000) 
4 118 129 (-1668.000000 -889.000000 2540.000000) (-1668.000000 1492.000000 2540.000000) (-1668.000000 1492.000000 248.000000) (-1668.000000 -889.000000 248.000000) 
4 118 120 (-1668.000000 -889.000000 248.000000) (-1668.000000 1492.000000 248.000000) (-834.000000 1492.000000 248.000000) (-834.000000 -889.000000 248.000000) 
4 118 119 (-1668.000000 -889.000000 2540.000000) (-1668.000000 -889.000000 256.000000) (-834.000000 -889.000000 256.000000) (-834.000000 -889.000000 2540.000000) 
4 119 144 (-1112.000000 -1153.000000 2540.000000) (-1668.000000 -1153.000000 2540.000000) (-1668.000000 -1153.000000 256.000000) (-1112.000000 -1153.000000 256.000000) 
4 119 132 (-834.000000 -1153.000000 256.000000) (-834.000000 -1153.000000 2540.000000) (-1112.000000 -1153.000000 2540.000000) (-1112.000000 -1153.000000 256.000000) 
4 119 129 (-1668.000000 -1153.000000 256.000000) (-1668.000000 -1153.000000 2540.000000) (-1668.000000 -889.000000 2540.000000) (-1668.000000 -889.000000 256.000000) 
4 120 183 (-834.000000 460.000000 8.000000) (-834.000000 -0.000000 8.000000) (-1668.000000 -0.000000 8.000000) (-1668.000000 460.000000 8.000000) 
4 120 184 (-834.000000 -0.000000 8.000000) (-834.000000 -889.000000 8.000000) (-1668.000000 -889.000000 8.000000) (-1668.000000 -0.000000 8.000000) 
4 120 180 (-834.000000 1492.000000 8.000000) (-834.000000 460.000000 8.000000) (-1668.000000 460.000000 8.000000) (-1668.000000 1492.000000 8.000000) 
4 120 129 (-1668.000000 1492.000000 8.000000) (-1668.000000 -889.000000 8.000000) (-1668.000000 -889.000000 248.000000) (-1668.000000 1492.000000 248.000000) 
4 121 122 (-878.000000 -1133.000000 8.000000) (-834.000000 -1133.000000 8.000000) (-834.000000 -1133.000000 88.000000) (-878.000000 -1133.000000 88.000000) 
4 122 133 (-878.000000 -1153.000000 8.000000) (-834.000000 -1153.000000 8.000000) (-834.000000 -1153.000000 88.000000) (-878.000000 -1153.000000 88.000000) 
4 123 125 (-1156.000000 -1133.000000 8.000000) (-1112.000000 -1133.000000 8.000000) (-1112.000000 -1133.000000 88.000000) (-1156.000000 -1133.000000 88.000000) 
4 124 126 (-1434.000000 -1133.000000 8.000000) (-1390.000000 -1133.000000 8.000000) (-1390.000000 -1133.000000 88.000000) (-1434.000000 -1133.000000 88.000000) 
4 125 145 (-1156.000000 -1153.000000 8.000000) (-1112.000000 -1153.000000 8.000000) (-1112.000000 -1153.000000 88.000000) (-1156.000000 -1153.000000 88.000000) 
4 126 145 (-1434.000000 -1153.000000 8.000000) (-1390.000000 -1153.000000 8.000000) (-1390.000000 -1153.000000 88.000000) (-1434.000000 -1153.000000 88.000000) 
4 127 155 (-1668.000000 -1153.000000 2540.000000) (-1668.000000 -1153.000000 2560.000000) (-2540.000000 -1153.000000 2560.000000) (-2540.000000 -1153.000000 2540.000000) 
4 127 130 (-2540.000000 1512.000000 2560.000000) (-2540.000000 1512.000000 2540.000000) (-2540.000000 -1153.000000 2540.000000) (-2540.000000 -1153.000000 2560.000000) 
4 127 128 (-2540.000000 1492.000000 2540.000000) (-2540.000000 1512.000000 2540.000000) (-1668.000000 1512.000000 2540.000000) (-1668.000000 1492.000000 2540.000000) 
4 128 179 (-2540.000000 1512.000000 8.000000) (-1668.000000 1512.000000 8.000000) (-1668.000000 1492.000000 8.000000) (-2540.000000 1492.000000 8.000000) 
4 128 130 (-2540.000000 1512.000000 2540.000000) (-2540.000000 1512.000000 8.000000) (-2540.000000 1492.000000 8.000000) (-2540.000000 1492.000000 2540.000000) 
4 129 191 (-1668.000000 -889.000000 8.000000) (-1668.000000 -1153.000000 8.000000) (-2540.000000 -1153.000000 8.000000) (-2540.000000 -889.000000 8.000000) 
4 129 183 (-1668.000000 460.000000 8.000000) (-1668.000000 -0.000000 8.000000) (-2540.000000 -0.000000 8.000000) (-2540.000000 460.000000 8.000000) 
4 129 184 (-1668.000000 -0.000000 8.000000) (-1668.000000 -889.000000 8.000000) (-2540.000000 -889.000000 8.000000) (-2540.000000 -0.000000 8.000000) 
4 129 180 (-1668.000000 1492.000000 8.000000) (-1668.000000 460.000000 8.000000) (-2540.000000 460.000000 8.000000) (-2540.000000 1492.000000 8.000000) 
4 129 156 (-2540.000000 -1153.000000 8.000000) (-1668.000000 -1153.000000 8.000000) (-1668.000000 -1153.000000 2540.000000) (-2540.000000 -1153.000000 2540.000000) 
4 130 193 (-2540.000000 -889.000000 8.000000) (-2540.000000 -1153.000000 8.000000) (-2560.000000 -1153.000000 8.000000) (-2560.000000 -889.000000 8.000000) 
4 130 187 (-2540.000000 460.000000 8.000000) (-2540.000000 -889.000000 8.000000) (-2560.000000 -889.000000 8.000000) (-2560.000000 460.000000 8.000000) 
4 130 181 (-2540.000000 1492.000000 8.000000) (-2540.000000 460.000000 8.000000) (-2560.000000 460.000000 8.000000) (-2560.000000 1492.000000 8.000000) 
4 130 179 (-2560.000000 1512.000000 8.000000) (-2540.000000 1512.000000 8.000000) (-2540.000000 1492.000000 8.000000) (-2560.000000 1492.000000 8.000000) 
4 130 157 (-2560.000000 -1153.000000 8.000000) (-2540.000000 -1153.000000 8.000000) (-2540.000000 -1153.000000 2560.000000) (-2560.000000 -1153.000000 2560.000000) 
4 131 158 (-175.000000 -1784.000000 2540.000000) (-175.000000 -1784.000000 2560.000000) (-1112.000000 -1784.000000 2560.000000) (-1112.000000 -1784.000000 2540.000000) 
4 131 143 (-1112.000000 -1784.000000 2540.000000) (-1112.000000 -1784.000000 2560.000000) (-1112.000000 -1153.000000 2560.000000) (-1112.000000 -1153.000000 2540.000000) 
4 132 159 (-175.000000 -1784.000000 256.000000) (-175.000000 -1784.000000 2540.000000) (-1112.000000 -1784.000000 2540.000000) (-1112.000000 -1784.000000 256.000000) 
4 132 144 (-1112.000000 -1784.000000 256.000000) (-1112.000000 -1784.000000 2540.000000) (-1112.000000 -1153.000000 2540.000000) (-1112.000000 -1153.000000 256.000000) 
4 132 142 (-175.000000 -1784.000000 256.000000) (-1112.000000 -1784.000000 256.000000) (-1112.000000 -1584.000000 256.000000) (-175.000000 -1584.000000 256.000000) 
4 132 133 (-1112.000000 -1320.000000 256.000000) (-1112.000000 -1153.000000 256.000000) (-175.000000 -1153.000000 256.000000) (-175.000000 -1320.000000 256.000000) 
4 133 145 (-1112.000000 -1153.000000 8.000000) (-1112.000000 -1320.000000 8.000000) (-1112.000000 -1320.000000 256.000000) (-1112.000000 -1153.000000 256.000000) 
4 133 139 (-1092.000000 -1320.000000 88.000000) (-1092.000000 -1320.000000 8.000000) (-1048.000000 -1320.000000 8.000000) (-1048.000000 -1320.000000 88.000000) 
4 133 138 (-814.000000 -1320.000000 8.000000) (-770.000000 -1320.000000 8.000000) (-770.000000 -1320.000000 88.000000) (-814.000000 -1320.000000 88.000000) 
4 133 136 (-536.000000 -1320.000000 88.000000) (-536.000000 -1320.000000 8.000000) (-492.000000 -1320.000000 8.000000) (-492.000000 -1320.000000 88.000000) 
4 133 134 (-258.000000 -1320.000000 88.000000) (-258.000000 -1320.000000 8.000000) (-214.000000 -1320.000000 8.000000) (-214.000000 -1320.000000 88.000000) 
4 134 135 (-258.000000 -1340.000000 8.000000) (-214.000000 -1340.000000 8.000000) (-214.000000 -1340.000000 88.000000) (-258.000000 -1340.000000 88.000000) 
4 136 137 (-536.000000 -1340.000000 8.000000) (-492.000000 -1340.000000 8.000000) (-492.000000 -1340.000000 88.000000) (-536.000000 -1340.000000 88.000000) 
4 138 140 (-814.000000 -1340.000000 8.000000) (-770.000000 -1340.000000 8.000000) (-770.000000 -1340.000000 88.000000) (-814.000000 -1340.000000 88.000000) 
4 139 141 (-1092.000000 -1340.000000 8.000000) (-1048.000000 -1340.000000 8.000000) (-1048.000000 -1340.000000 88.000000) (-1092.000000 -1340.000000 88.000000) 
4 142 189 (-175.000000 -1584.000000 8.000000) (-175.000000 -1784.000000 8.000000) (-1112.000000 -1784.000000 8.000000) (-1112.000000 -1584.000000 8.000000) 
4 142 161 (-1112.000000 -1784.000000 8.000000) (-339.000000 -1784.000000 8.000000) (-339.000000 -1784.000000 256.000000) (-1112.000000 -1784.000000 256.000000) 
4 142 154 (-1112.000000 -1584.000000 8.000000) (-1112.000000 -1784.000000 8.000000) (-1112.000000 -1784.000000 256.000000) (-1112.000000 -1584.000000 256.000000) 
4 143 158 (-1112.000000 -1784.000000 2540.000000) (-1112.000000 -1784.000000 2560.000000) (-1668.000000 -1784.000000 2560.000000) (-1668.000000 -1784.000000 2540.000000) 
4 143 155 (-1668.000000 -1153.000000 2560.000000) (-1668.000000 -1153.000000 2540.000000) (-1668.000000 -1784.000000 2540.000000) (-1668.000000 -1784.000000 2560.000000) 
4 144 159 (-1112.000000 -1784.000000 256.000000) (-1112.000000 -1784.000000 2540.000000) (-1668.000000 -1784.000000 2540.000000) (-1668.000000 -1784.000000 256.000000) 
4 144 156 (-1668.000000 -1153.000000 2540.000000) (-1668.000000 -1153.000000 256.000000) (-1668.000000 -1784.000000 256.000000) (-1668.000000 -1784.000000 2540.000000) 
4 144 154 (-1112.000000 -1784.000000 256.000000) (-1668.000000 -1784.000000 256.000000) (-1668.000000 -1584.000000 256.000000) (-1112.000000 -1584.000000 256.000000) 
4 144 145 (-1668.000000 -1320.000000 256.000000) (-1668.000000 -1153.000000 256.000000) (-1112.000000 -1153.000000 256.000000) (-1112.000000 -1320.000000 256.000000) 
4 145 156 (-1668.000000 -1153.000000 256.000000) (-1668.000000 -1153.000000 8.000000) (-1668.000000 -1320.000000 8.000000) (-1668.000000 -1320.000000 256.000000) 
4 145 148 (-1434.000000 -1320.000000 88.000000) (-1434.000000 -1320.000000 8.000000) (-1390.000000 -1320.000000 8.000000) (-1390.000000 -1320.000000 88.000000) 
4 145 146 (-1112.000000 -1320.000000 8.000000) (-1112.000000 -1320.000000 88.000000) (-1156.000000 -1320.000000 88.000000) (-1156.000000 -1320.000000 8.000000) 
4 146 147 (-1156.000000 -1340.000000 8.000000) (-1112.000000 -1340.000000 8.000000) (-1112.000000 -1340.000000 88.000000) (-1156.000000 -1340.000000 88.000000) 
4 148 149 (-1434.000000 -1340.000000 8.000000) (-1390.000000 -1340.000000 8.000000) (-1390.000000 -1340.000000 88.000000) (-1434.000000 -1340.000000 88.000000) 
4 149 152 (-1563.000000 -1416.000000 8.000000) (-1563.000000 -1488.000000 8.000000) (-1563.000000 -1488.000000 112.000000) (-1563.000000 -1416.000000 112.000000) 
4 149 151 (-1563.000000 -1340.000000 112.000000) (-1563.000000 -1340.000000 8.000000) (-1563.000000 -1408.000000 8.000000) (-1563.000000 -1408.000000 112.000000) 
4 149 153 (-1563.000000 -1496.000000 8.000000) (-1563.000000 -1564.000000 8.000000) (-1563.000000 -1564.000000 112.000000) (-1563.000000 -1496.000000 112.000000) 
4 149 150 (-1563.000000 -1340.000000 248.000000) (-1563.000000 -1340.000000 112.000000) (-1563.000000 -1564.000000 112.000000) (-1563.000000 -1564.000000 248.000000) 
4 150 152 (-1648.000000 -1488.000000 112.000000) (-1648.000000 -1416.000000 112.000000) (-1563.000000 -1416.000000 112.000000) (-1563.000000 -1488.000000 112.000000) 
4 150 151 (-1648.000000 -1408.000000 112.000000) (-1648.000000 -1340.000000 112.000000) (-1563.000000 -1340.000000 112.000000) (-1563.000000 -1408.000000 112.000000) 
4 150 153 (-1563.000000 -1564.000000 112.000000) (-1648.000000 -1564.000000 112.000000) (-1648.000000 -1496.000000 112.000000) (-1563.000000 -1496.000000 112.000000) 
4 154 189 (-1112.000000 -1584.000000 8.000000) (-1112.000000 -1784.000000 8.000000) (-1668.000000 -1784.000000 8.000000) (-1668.000000 -1584.000000 8.000000) 
4 154 161 (-1668.000000 -1784.000000 8.000000) (-1112.000000 -1784.000000 8.000000) (-1112.000000 -1784.000000 256.000000) (-1668.000000 -1784.000000 256.000000) 
4 154 156 (-1668.000000 -1584.000000 8.000000) (-1668.000000 -1784.000000 8.000000) (-1668.000000 -1784.000000 256.000000) (-1668.000000 -1584.000000 256.000000) 
4 155 158 (-1668.000000 -1784.000000 2540.000000) (-1668.000000 -1784.000000 2560.000000) (-2540.000000 -1784.000000 2560.000000) (-2540.000000 -1784.000000 2540.000000) 
4 155 157 (-2540.000000 -1153.000000 2560.000000) (-2540.000000 -1153.000000 2540.000000) (-2540.000000 -1784.000000 2540.000000) (-2540.000000 -1784.000000 2560.000000) 
4 156 191 (-2540.000000 -1153.000000 8.000000) (-1668.000000 -1153.000000 8.000000) (-1668.000000 -1784.000000 8.000000) (-2540.000000 -1784.000000 8.000000) 
4 156 161 (-2540.000000 -1784.000000 8.000000) (-1668.000000 -1784.000000 8.000000) (-1668.000000 -1784.000000 256.000000) (-2540.000000 -1784.000000 256.000000) 
4 156 159 (-1668.000000 -1784.000000 256.000000) (-1668.000000 -1784.000000 2540.000000) (-2540.000000 -1784.000000 2540.000000) (-2540.000000 -1784.000000 256.000000) 
4 157 193 (-2560.000000 -1153.000000 8.000000) (-2540.000000 -1153.000000 8.000000) (-2540.000000 -1784.000000 8.000000) (-2560.000000 -1784.000000 8.000000) 
4 157 163 (-2560.000000 -1784.000000 8.000000) (-2540.000000 -1784.000000 8.000000) (-2540.000000 -1784.000000 2560.000000) (-2560.000000 -1784.000000 2560.000000) 
4 158 164 (-175.000000 -2326.000000 2540.000000) (-175.000000 -2326.000000 2560.000000) (-2540.000000 -2326.000000 2560.000000) (-2540.000000 -2326.000000 2540.000000) 
4 158 163 (-2540.000000 -1784.000000 2560.000000) (-2540.000000 -1784.000000 2540.000000) (-2540.000000 -2326.000000 2540.000000) (-2540.000000 -2326.000000 2560.000000) 
4 159 165 (-175.000000 -2326.000000 256.000000) (-175.000000 -2326.000000 2540.000000) (-2540.000000 -2326.000000 2540.000000) (-2540.000000 -2326.000000 256.000000) 
4 159 162 (-195.000000 -2326.000000 256.000000) (-2540.000000 -2326.000000 256.000000) (-2540.000000 -2062.000000 256.000000) (-195.000000 -2062.000000 256.000000) 
4 159 161 (-2540.000000 -2062.000000 256.000000) (-2540.000000 -1784.000000 256.000000) (-339.000000 -1784.000000 256.000000) (-339.000000 -2062.000000 256.000000) 
4 161 202 (-2540.000000 -1784.000000 8.000000) (-339.000000 -1784.000000 8.000000) (-339.000000 -2062.000000 8.000000) (-2540.000000 -2062.000000 8.000000) 
4 161 162 (-339.000000 -2062.000000 256.000000) (-2540.000000 -2062.000000 256.000000) (-2540.000000 -2062.000000 8.000000) (-339.000000 -2062.000000 8.000000) 
4 162 202 (-339.000000 -2326.000000 8.000000) (-2540.000000 -2326.000000 8.000000) (-2540.000000 -2062.000000 8.000000) (-339.000000 -2062.000000 8.000000) 
4 162 196 (-195.000000 -2326.000000 8.000000) (-339.000000 -2326.000000 8.000000) (-339.000000 -2062.000000 8.000000) (-195.000000 -2062.000000 8.000000) 
4 162 165 (-2540.000000 -2326.000000 8.000000) (-195.000000 -2326.000000 8.000000) (-195.000000 -2326.000000 256.000000) (-2540.000000 -2326.000000 256.000000) 
4 163 203 (-2560.000000 -1784.000000 8.000000) (-2540.000000 -1784.000000 8.000000) (-2540.000000 -2326.000000 8.000000) (-2560.000000 -2326.000000 8.000000) 
4 163 167 (-2560.000000 -2326.000000 8.000000) (-2540.000000 -2326.000000 8.000000) (-2540.000000 -2326.000000 2560.000000) (-2560.000000 -2326.000000 2560.000000) 
4 164 167 (-2540.000000 -2326.000000 2560.000000) (-2540.000000 -2326.000000 2540.000000) (-2540.000000 -3096.000000 2540.000000) (-2540.000000 -3096.000000 2560.000000) 
4 164 166 (-175.000000 -3076.000000 2540.000000) (-175.000000 -3096.000000 2540.000000) (-2540.000000 -3096.000000 2540.000000) (-2540.000000 -3076.000000 2540.000000) 
4 165 202 (-2540.000000 -2326.000000 8.000000) (-339.000000 -2326.000000 8.000000) (-339.000000 -3076.000000 8.000000) (-2540.000000 -3076.000000 8.000000) 
4 165 199 (-339.000000 -2326.000000 8.000000) (-175.000000 -2326.000000 8.000000) (-175.000000 -3076.000000 8.000000) (-339.000000 -3076.000000 8.000000) 
4 166 205 (-339.000000 -3096.000000 8.000000) (-2540.000000 -3096.000000 8.000000) (-2540.000000 -3076.000000 8.000000) (-339.000000 -3076.000000 8.000000) 
4 166 200 (-175.000000 -3076.000000 8.000000) (-175.000000 -3096.000000 8.000000) (-339.000000 -3096.000000 8.000000) (-339.000000 -3076.000000 8.000000) 
4 166 167 (-2540.000000 -3076.000000 8.000000) (-2540.000000 -3096.000000 8.000000) (-2540.000000 -3096.000000 2540.000000) (-2540.000000 -3076.000000 2540.000000) 
4 167 205 (-2540.000000 -3076.000000 8.000000) (-2540.000000 -3096.000000 8.000000) (-2560.000000 -3096.000000 8.000000) (-2560.000000 -3076.000000 8.000000) 
4 167 203 (-2560.000000 -2326.000000 8.000000) (-2540.000000 -2326.000000 8.000000) (-2540.000000 -3076.000000 8.000000) (-2560.000000 -3076.000000 8.000000) 
4 168 175 (595.000000 1512.000000 -2540.000000) (595.000000 1512.000000 -2560.000000) (595.000000 1492.000000 -2560.000000) (595.000000 1492.000000 -2540.000000) 
4 168 173 (595.000000 1492.000000 8.000000) (595.000000 1512.000000 8.000000) (595.000000 1512.000000 -2540.000000) (595.000000 1492.000000 -2540.000000) 
4 168 169 (3072.000000 1492.000000 -2540.000000) (3072.000000 1492.000000 8.000000) (3052.000000 1492.000000 8.000000) (3052.000000 1492.000000 -2540.000000) 
4 168 171 (595.000000 1492.000000 -2560.000000) (3072.000000 1492.000000 -2560.000000) (3072.000000 1492.000000 -2540.000000) (595.000000 1492.000000 -2540.000000) 
4 169 172 (3072.000000 -3076.000000 -2540.000000) (3072.000000 -3076.000000 8.000000) (3052.000000 -3076.000000 8.000000) (3052.000000 -3076.000000 -2540.000000) 
4 169 171 (3052.000000 1492.000000 -2540.000000) (3072.000000 1492.000000 -2540.000000) (3072.000000 -3076.000000 -2540.000000) (3052.000000 -3076.000000 -2540.000000) 
4 170 199 (595.000000 -3076.000000 8.000000) (595.000000 -2326.000000 8.000000) (595.000000 -2326.000000 -2540.000000) (595.000000 -3076.000000 -2540.000000) 
4 170 197 (595.000000 -1784.000000 -0.000000) (595.000000 -1784.000000 -2540.000000) (595.000000 -2326.000000 -2540.000000) (595.000000 -2326.000000 -0.000000) 
4 170 195 (595.000000 -2326.000000 8.000000) (595.000000 -2062.000000 8.000000) (595.000000 -2062.000000 0.000000) (595.000000 -2326.000000 -0.000000) 
4 170 194 (595.000000 -2062.000000 8.000000) (595.000000 -1784.000000 8.000000) (595.000000 -1784.000000 -0.000000) (595.000000 -2062.000000 0.000000) 
4 170 177 (595.000000 608.000000 -0.000000) (595.000000 608.000000 -2540.000000) (595.000000 -1784.000000 -2540.000000) (595.000000 -1784.000000 -0.000000) 
4 170 176 (595.000000 -1784.000000 8.000000) (595.000000 -1583.000000 8.000000) (595.000000 -1583.000000 0.000000) (595.000000 -1784.000000 -0.000000) 
4 170 174 (595.000000 608.000000 8.000000) (595.000000 1492.000000 8.000000) (595.000000 1492.000000 -2540.000000) (595.000000 608.000000 -2540.000000) 
4 171 201 (595.000000 -2326.000000 -2560.000000) (595.000000 -3076.000000 -2560.000000) (595.000000 -3076.000000 -2540.000000) (595.000000 -2326.000000 -2540.000000) 
4 171 198 (595.000000 -1784.000000 -2560.000000) (595.000000 -2326.000000 -2560.000000) (595.000000 -2326.000000 -2540.000000) (595.000000 -1784.000000 -2540.000000) 
4 171 178 (595.000000 608.000000 -2560.000000) (595.000000 -1784.000000 -2560.000000) (595.000000 -1784.000000 -2540.000000) (595.000000 608.000000 -2540.000000) 
4 171 175 (595.000000 1492.000000 -2540.000000) (595.000000 1492.000000 -2560.000000) (595.000000 608.000000 -2560.000000) (595.000000 608.000000 -2540.000000) 
4 171 172 (595.000000 -3076.000000 -2560.000000) (3072.000000 -3076.000000 -2560.000000) (3072.000000 -3076.000000 -2540.000000) (595.000000 -3076.000000 -2540.000000) 
4 172 201 (595.000000 -3076.000000 -2540.000000) (595.000000 -3076.000000 -2560.000000) (595.000000 -3096.000000 -2560.000000) (595.000000 -3096.000000 -2540.000000) 
4 172 200 (595.000000 -3096.000000 8.000000) (595.000000 -3076.000000 8.000000) (595.000000 -3076.000000 -2540.000000) (595.000000 -3096.000000 -2540.000000) 
4 173 179 (0.000000 1492.000000 8.000000) (0.000000 1512.000000 8.000000) (0.000000 1512.000000 -2540.000000) (0.000000 1492.000000 -2540.000000) 
4 173 175 (0.000000 1492.000000 -2540.000000) (0.000000 1512.000000 -2540.000000) (595.000000 1512.000000 -2540.000000) (595.000000 1492.000000 -2540.000000) 
4 174 180 (0.000000 608.000000 8.000000) (0.000000 1492.000000 8.000000) (0.000000 1492.000000 -2540.000000) (0.000000 608.000000 -2540.000000) 
4 174 177 (595.000000 608.000000 -2540.000000) (595.000000 608.000000 -0.000000) (0.000000 608.000000 -0.000000) (0.000000 608.000000 -2540.000000) 
4 175 182 (0.000000 1492.000000 -2560.000000) (0.000000 608.000000 -2560.000000) (0.000000 608.000000 -2540.000000) (0.000000 1492.000000 -2540.000000) 
4 175 179 (0.000000 1512.000000 -2540.000000) (0.000000 1512.000000 -2560.000000) (0.000000 1492.000000 -2560.000000) (0.000000 1492.000000 -2540.000000) 
4 175 178 (595.000000 608.000000 -2560.000000) (595.000000 608.000000 -2540.000000) (0.000000 608.000000 -2540.000000) (0.000000 608.000000 -2560.000000) 
4 176 194 (595.000000 -1784.000000 -0.000000) (595.000000 -1784.000000 8.000000) (505.000000 -1784.000000 8.000000) (505.000000 -1784.000000 0.000000) 
4 176 177 (166.000000 -1583.000000 0.000000) (595.000000 -1583.000000 0.000000) (595.000000 -1784.000000 0.000000) (166.000000 -1784.000000 0.000000) 
4 177 197 (595.000000 -1784.000000 -2540.000000) (595.000000 -1784.000000 -0.000000) (0.000000 -1784.000000 -0.000000) (0.000000 -1784.000000 -2540.000000) 
4 177 188 (0.000000 -889.000000 -2540.000000) (0.000000 -1584.000000 -2540.000000) (0.000000 -1584.000000 0.000000) (0.000000 -889.000000 0.000000) 
4 177 189 (0.000000 -1584.000000 -2540.000000) (0.000000 -1784.000000 -2540.000000) (0.000000 -1784.000000 -0.000000) (0.000000 -1584.000000 0.000000) 
4 177 185 (0.000000 460.000000 -2540.000000) (0.000000 -889.000000 -2540.000000) (0.000000 -889.000000 0.000000) (0.000000 460.000000 0.000000) 
4 177 180 (0.000000 608.000000 -0.000000) (0.000000 608.000000 -2540.000000) (0.000000 460.000000 -2540.000000) (0.000000 460.000000 0.000000) 
4 178 198 (595.000000 -1784.000000 -2560.000000) (595.000000 -1784.000000 -2540.000000) (0.000000 -1784.000000 -2540.000000) (0.000000 -1784.000000 -2560.000000) 
4 178 190 (0.000000 -889.000000 -2560.000000) (0.000000 -1784.000000 -2560.000000) (0.000000 -1784.000000 -2540.000000) (0.000000 -889.000000 -2540.000000) 
4 178 186 (0.000000 460.000000 -2560.000000) (0.000000 -889.000000 -2560.000000) (0.000000 -889.000000 -2540.000000) (0.000000 460.000000 -2540.000000) 
4 178 182 (0.000000 608.000000 -2540.000000) (0.000000 608.000000 -2560.000000) (0.000000 460.000000 -2560.000000) (0.000000 460.000000 -2540.000000) 
4 179 181 (-2540.000000 1492.000000 8.000000) (-2560.000000 1492.000000 8.000000) (-2560.000000 1492.000000 -2540.000000) (-2540.000000 1492.000000 -2540.000000) 
4 179 182 (-2560.000000 1492.000000 -2560.000000) (-0.000000 1492.000000 -2560.000000) (0.000000 1492.000000 -2540.000000) (-2560.000000 1492.000000 -2540.000000) 
4 180 185 (-2540.000000 460.000000 -0.000000) (-2540.000000 460.000000 -2540.000000) (0.000000 460.000000 -2540.000000) (0.000000 460.000000 -0.000000) 
4 180 183 (-384.000000 460.000000 8.000000) (-2540.000000 460.000000 8.000000) (-2540.000000 460.000000 -0.000000) (-384.000000 460.000000 0.000000) 
4 181 187 (-2540.000000 460.000000 8.000000) (-2560.000000 460.000000 8.000000) (-2560.000000 460.000000 -2540.000000) (-2540.000000 460.000000 -2540.000000) 
4 181 182 (-2540.000000 460.000000 -2540.000000) (-2560.000000 460.000000 -2540.000000) (-2560.000000 1492.000000 -2540.000000) (-2540.000000 1492.000000 -2540.000000) 
4 182 186 (-2540.000000 460.000000 -2560.000000) (0.000000 460.000000 -2560.000000) (0.000000 460.000000 -2540.000000) (-2540.000000 460.000000 -2540.000000) 
4 182 187 (-2560.000000 460.000000 -2540.000000) (-2560.000000 460.000000 -2560.000000) (-2540.000000 460.000000 -2560.000000) (-2540.000000 460.000000 -2540.000000) 
4 183 185 (-2540.000000 460.000000 0.000000) (-384.000000 460.000000 0.000000) (-384.000000 0.000000 0.000000) (-2540.000000 -0.000000 0.000000) 
4 183 184 (-2540.000000 0.000000 8.000000) (-2540.000000 0.000000 -0.000000) (-384.000000 0.000000 0.000000) (-384.000000 0.000000 8.000000) 
4 184 191 (-1668.000000 -889.000000 8.000000) (-2540.000000 -889.000000 8.000000) (-2540.000000 -889.000000 -0.000000) (-1668.000000 -889.000000 0.000000) 
4 184 185 (0.000000 -0.000000 0.000000) (0.000000 -889.000000 0.000000) (-2540.000000 -889.000000 0.000000) (-2540.000000 -0.000000 0.000000) 
4 185 191 (-1668.000000 -889.000000 0.000000) (-2540.000000 -889.000000 -0.000000) (-2540.000000 -889.000000 -2540.000000) (-1668.000000 -889.000000 -2540.000000) 
4 185 188 (0.000000 -889.000000 -2540.000000) (0.000000 -889.000000 -0.000000) (-1668.000000 -889.000000 0.000000) (-1668.000000 -889.000000 -2540.000000) 
4 186 192 (-2540.000000 -889.000000 -2560.000000) (-1668.000000 -889.000000 -2560.000000) (-1668.000000 -889.000000 -2540.000000) (-2540.000000 -889.000000 -2540.000000) 
4 186 190 (-1668.000000 -889.000000 -2560.000000) (0.000000 -889.000000 -2560.000000) (0.000000 -889.000000 -2540.000000) (-1668.000000 -889.000000 -2540.000000) 
4 186 187 (-2540.000000 460.000000 -2540.000000) (-2540.000000 460.000000 -2560.000000) (-2540.000000 -889.000000 -2560.000000) (-2540.000000 -889.000000 -2540.000000) 
4 187 193 (-2560.000000 -889.000000 -2560.000000) (-2540.000000 -889.000000 -2560.000000) (-2540.000000 -889.000000 8.000000) (-2560.000000 -889.000000 8.000000) 
4 188 191 (-1668.000000 -889.000000 -0.000000) (-1668.000000 -889.000000 -2540.000000) (-1668.000000 -1584.000000 -2540.000000) (-1668.000000 -1584.000000 -0.000000) 
4 188 189 (-1668.000000 -1584.000000 -0.000000) (-1668.000000 -1584.000000 -2540.000000) (0.000000 -1584.000000 -2540.000000) (0.000000 -1584.000000 -0.000000) 
4 189 202 (-339.000000 -1784.000000 8.000000) (-1668.000000 -1784.000000 8.000000) (-1668.000000 -1784.000000 -2540.000000) (-339.000000 -1784.000000 -2540.000000) 
4 189 197 (0.000000 -1784.000000 -2540.000000) (0.000000 -1784.000000 -0.000000) (-339.000000 -1784.000000 -0.000000) (-339.000000 -1784.000000 -2540.000000) 
4 189 191 (-1668.000000 -1584.000000 -2540.000000) (-1668.000000 -1784.000000 -2540.000000) (-1668.000000 -1784.000000 8.000000) (-1668.000000 -1584.000000 8.000000) 
4 190 204 (-339.000000 -1784.000000 -2540.000000) (-1668.000000 -1784.000000 -2540.000000) (-1668.000000 -1784.000000 -2560.000000) (-339.000000 -1784.000000 -2560.000000) 
4 190 198 (0.000000 -1784.000000 -2560.000000) (0.000000 -1784.000000 -2540.000000) (-339.000000 -1784.000000 -2540.000000) (-339.000000 -1784.000000 -2560.000000) 
4 190 192 (-1668.000000 -889.000000 -2540.000000) (-1668.000000 -889.000000 -2560.000000) (-1668.000000 -1784.000000 -2560.000000) (-1668.000000 -1784.000000 -2540.000000) 
4 191 202 (-1668.000000 -1784.000000 -2540.000000) (-1668.000000 -1784.000000 8.000000) (-2540.000000 -1784.000000 8.000000) (-2540.000000 -1784.000000 -2540.000000) 
4 192 204 (-2540.000000 -1784.000000 -2560.000000) (-1668.000000 -1784.000000 -2560.000000) (-1668.000000 -1784.000000 -2540.000000) (-2540.000000 -1784.000000 -2540.000000) 
4 192 193 (-2540.000000 -889.000000 -2560.000000) (-2540.000000 -1784.000000 -2560.000000) (-2540.000000 -1784.000000 -2540.000000) (-2540.000000 -889.000000 -2540.000000) 
4 193 203 (-2540.000000 -1784.000000 -2540.000000) (-2540.000000 -1784.000000 8.000000) (-2560.000000 -1784.000000 8.000000) (-2560.000000 -1784.000000 -2540.000000) 
4 193 204 (-2560.000000 -1784.000000 -2560.000000) (-2540.000000 -1784.000000 -2560.000000) (-2540.000000 -1784.000000 -2540.000000) (-2560.000000 -1784.000000 -2540.000000) 
4 194 197 (505.000000 -1784.000000 0.000000) (595.000000 -1784.000000 0.000000) (595.000000 -2062.000000 0.000000) (505.000000 -2062.000000 0.000000) 
4 194 195 (595.000000 -2062.000000 -0.000000) (595.000000 -2062.000000 8.000000) (505.000000 -2062.000000 8.000000) (505.000000 -2062.000000 0.000000) 
4 195 199 (595.000000 -2326.000000 -0.000000) (595.000000 -2326.000000 8.000000) (361.000000 -2326.000000 8.000000) (361.000000 -2326.000000 0.000000) 
4 195 197 (361.000000 -2062.000000 0.000000) (595.000000 -2062.000000 0.000000) (595.000000 -2326.000000 0.000000) (361.000000 -2326.000000 0.000000) 
4 196 202 (-339.000000 -2062.000000 0.000000) (-339.000000 -2326.000000 -0.000000) (-339.000000 -2326.000000 8.000000) (-339.000000 -2062.000000 8.000000) 
4 196 199 (-195.000000 -2326.000000 8.000000) (-339.000000 -2326.000000 8.000000) (-339.000000 -2326.000000 -0.000000) (-195.000000 -2326.000000 0.000000) 
4 196 197 (-339.000000 -2326.000000 0.000000) (-339.000000 -2062.000000 0.000000) (-195.000000 -2062.000000 0.000000) (-195.000000 -2326.000000 0.000000) 
4 197 202 (-339.000000 -1784.000000 -0.000000) (-339.000000 -1784.000000 -2540.000000) (-339.000000 -2326.000000 -2540.000000) (-339.000000 -2326.000000 -0.000000) 
4 197 199 (595.000000 -2326.000000 -2540.000000) (595.000000 -2326.000000 -0.000000) (-339.000000 -2326.000000 -0.000000) (-339.000000 -2326.000000 -2540.000000) 
4 198 204 (-339.000000 -1784.000000 -2540.000000) (-339.000000 -1784.000000 -2560.000000) (-339.000000 -2326.000000 -2560.000000) (-339.000000 -2326.000000 -2540.000000) 
4 198 201 (595.000000 -2326.000000 -2560.000000) (595.000000 -2326.000000 -2540.000000) (-339.000000 -2326.000000 -2540.000000) (-339.000000 -2326.000000 -2560.000000) 
4 199 202 (-339.000000 -3076.000000 8.000000) (-339.000000 -2326.000000 8.000000) (-339.000000 -2326.000000 -2540.000000) (-339.000000 -3076.000000 -2540.000000) 
4 200 205 (-339.000000 -3096.000000 -2540.000000) (-339.000000 -3096.000000 8.000000) (-339.000000 -3076.000000 8.000000) (-339.000000 -3076.000000 -2540.000000) 
4 200 201 (-339.000000 -3096.000000 -2540.000000) (-339.000000 -3076.000000 -2540.000000) (595.000000 -3076.000000 -2540.000000) (595.000000 -3096.000000 -2540.000000) 
4 201 205 (-339.000000 -3096.000000 -2560.000000) (-339.000000 -3096.000000 -2540.000000) (-339.000000 -3076.000000 -2540.000000) (-339.000000 -3076.000000 -2560.000000) 
4 201 204 (-339.000000 -3076.000000 -2540.000000) (-339.000000 -2326.000000 -2540.000000) (-339.000000 -2326.000000 -2560.000000) (-339.000000 -3076.000000 -2560.000000) 
4 203 205 (-2540.000000 -3076.000000 8.000000) (-2560.000000 -3076.000000 8.000000) (-2560.000000 -3076.000000 -2540.000000) (-2540.000000 -3076.000000 -2540.000000) 
4 203 204 (-2560.000000 -3076.000000 -2540.000000) (-2560.000000 -1784.000000 -2540.000000) (-2540.000000 -1784.000000 -2540.000000) (-2540.000000 -3076.000000 -2540.000000) 
4 204 205 (-2560.000000 -3076.000000 -2560.000000) (-339.000000 -3076.000000 -2560.000000) (-339.000000 -3076.000000 -2540.000000) (-2560.000000 -3076.000000 -2540.000000) 
